Traceback (most recent call last):
  File "/home/flan/Barnabas/data2/projects/pi-avatarv2/web_preview.py", line 7, in <module>
    main()
    ~~~~^^
  File "/home/flan/Barnabas/data2/projects/pi-avatarv2/pi_avatar/renderers/web.p127.0.0.1 - "GET / HTTP/1.1" 200 -
renderer(config, host=args.host or config.web.host, port=args.port or config.web.port)
    ~~~~~~~~~~~~~~~~^^^^^^^^^^^^^^^^^^^^^^^^^^^^^^^^^^^^^^^^^^^^^^^^^^^^^^^^^^^^^^^^^^^^^^^^^^^^^^
  File "/home/flan/Barnabas/data2/projects/pi-avatarv2/pi_avatar/renderers/web.py", line 1147, in run_web_renderer
    server = AvatarWebServer((host, port), config)
  File "/home/flan/Barnabas/data2/projects/pi-avatarv2/pi_avatar/renderers/web.py", line 1137, in __init__
    super().__init__(address, AvatarWebHandler)
    ~~~~~~~~~~~~~~~~^^^^^^^^^^^^^^^^^^^^^^^^^^^
  File "/usr/lib/python3.13/socketserver.py", line 457, in __init__
    self.server_bind()
    ~~~~~~~~~~~~~~~~^^
  File "/usr/lib/python3.13/http/server.py", line 136, in server_bind
    socketserver.TCPServer.server_bind(self)
    ~~~~~~~~~~~~~~~~~~~~~~~~~~~~~~~~~~^^^^^^
  File "/usr/lib/python3.13/socketserver.py", line 478, in server_bind
    self.socket.bind(self.server_address)
    ~~~~~~~~~~~~~~~~^^^^^^^^^^^^^^^^^^^^^
OSError: [Errno 98] Address already in use
